Treatment: ('intentional', 833)
[(2, 3), (0, 5), (1, 1), (3, 3), (0, 2), (1, 2), (4, 2), (4, 1), (1, 5), (4, 1), (4, 4), (0, 4), (4, 2), (3, 1), (1, 3), (3, 1), (0, 3), (2, 1), (2, 2), (2, 4), (1, 1), (4, 3), (3, 4), (1, 3), (3, 5), (0, 1), (2, 2), (3, 3), (1, 4), (4, 3), (0, 1), (0, 2), (4, 5), (0, 1), (3, 4), (2, 1), (0, 3), (0, 4), (4, 4), (3, 2)]
MOVE: 0 1 None 1 None 1
intentional hints You about all their 1 hints remaining: 7
You has white 5, yellow 2, yellow 1, white 3, blue 1
MOVE: 1 2 4 1 None None
You plays blue 1 successfully! Board is now green 0, yellow 0, white 0, blue 1, red 0
You now has white 5, yellow 2, yellow 1, white 3, white 3
MOVE: 0 0 None 1 1 None
intentional hints You about all their yellow cards hints remaining: 6
You has white 5, yellow 2, yellow 1, white 3, white 3
MOVE: 1 2 2 1 None None
You plays yellow 1 successfully! Board is now green 0, yellow 1, white 0, blue 1, red 0
You now has white 5, yellow 2, white 3, white 3, green 5
MOVE: 0 1 None 1 None 2
intentional hints You about all their 2 hints remaining: 5
You has white 5, yellow 2, white 3, white 3, green 5
MOVE: 1 2 1 1 None None
You plays yellow 2 successfully! Board is now green 0, yellow 2, white 0, blue 1, red 0
You now has white 5, white 3, white 3, green 5, yellow 1
MOVE: 0 3 0 None None None
intentional discards white 4
trash is now white 4
intentional now has blue 2, red 1, white 1, yellow 4, blue 3
MOVE: 1 0 None 0 3 None
You hints intentional about all their blue cards hints remaining: 5
intentional has blue 2, red 1, white 1, yellow 4, blue 3
MOVE: 0 3 1 None None None
intentional discards red 1
trash is now white 4, red 1
intentional now has blue 2, white 1, yellow 4, blue 3, green 2
MOVE: 1 1 None 0 None 2
You hints intentional about all their 2 hints remaining: 5
intentional has blue 2, white 1, yellow 4, blue 3, green 2
MOVE: 0 2 0 None None None
intentional plays blue 2 successfully! Board is now green 0, yellow 2, white 0, blue 2, red 0
intentional now has white 1, yellow 4, blue 3, green 2, yellow 2
MOVE: 1 0 None 0 3 None
You hints intentional about all their blue cards hints remaining: 4
intentional has white 1, yellow 4, blue 3, green 2, yellow 2
MOVE: 0 3 3 None None None
intentional discards green 2
trash is now white 4, red 1, green 2
intentional now has white 1, yellow 4, blue 3, yellow 2, red 2
MOVE: 1 1 None 0 None 3
You hints intentional about all their 3 hints remaining: 4
intentional has white 1, yellow 4, blue 3, yellow 2, red 2
MOVE: 0 2 2 None None None
intentional plays blue 3 successfully! Board is now green 0, yellow 2, white 0, blue 3, red 0
intentional now has white 1, yellow 4, yellow 2, red 2, red 1
MOVE: 1 0 None 0 4 None
You hints intentional about all their red cards hints remaining: 3
intentional has white 1, yellow 4, yellow 2, red 2, red 1
MOVE: 0 1 None 1 None 3
intentional hints You about all their 3 hints remaining: 2
You has white 5, white 3, white 3, green 5, yellow 1
MOVE: 1 1 None 0 None 1
You hints intentional about all their 1 hints remaining: 1
intentional has white 1, yellow 4, yellow 2, red 2, red 1
MOVE: 0 2 4 None None None
intentional plays red 1 successfully! Board is now green 0, yellow 2, white 0, blue 3, red 1
intentional now has white 1, yellow 4, yellow 2, red 2, yellow 5
MOVE: 1 0 None 0 4 None
You hints intentional about all their red cards hints remaining: 0
intentional has white 1, yellow 4, yellow 2, red 2, yellow 5
MOVE: 0 3 4 None None None
intentional discards yellow 5
trash is now white 4, red 1, green 2, yellow 5
intentional now has white 1, yellow 4, yellow 2, red 2, red 1
MOVE: 1 1 None 0 None 2
You hints intentional about all their 2 hints remaining: 0
intentional has white 1, yellow 4, yellow 2, red 2, red 1
MOVE: 0 2 3 None None None
intentional plays red 2 successfully! Board is now green 0, yellow 2, white 0, blue 3, red 2
intentional now has white 1, yellow 4, yellow 2, red 1, red 4
MOVE: 1 2 1 1 None None
You plays white 3 and fails. Board was green 0, yellow 2, white 0, blue 3, red 2
You now has white 5, white 3, green 5, yellow 1, green 4
MOVE: 0 3 4 None None None
intentional discards red 4
trash is now white 4, red 1, green 2, yellow 5, white 3, red 4
intentional now has white 1, yellow 4, yellow 2, red 1, red 2
MOVE: 1 2 1 1 None None
You plays white 3 and fails. Board was green 0, yellow 2, white 0, blue 3, red 2
You now has white 5, green 5, yellow 1, green 4, blue 1
MOVE: 0 0 None 1 1 None
intentional hints You about all their yellow cards hints remaining: 0
You has white 5, green 5, yellow 1, green 4, blue 1
MOVE: 1 2 2 1 None None
You plays yellow 1 and fails. Board was green 0, yellow 2, white 0, blue 3, red 2
You now has white 5, green 5, green 4, blue 1, yellow 3
Score 7
